<?xml version="1.0" encoding="UTF-8"?>
<!-- Generated by org.testng.reporters.JUnitXMLReporter -->
<testsuite ignored="4" hostname="LAPTOP-JHASPJOK" failures="0" tests="1" name="Default test" time="33.732" errors="0" timestamp="2025-09-07T21:31:15 IST">
  <testcase classname="com.swaglabs.test.EndToEndTest" name="resetAppStateClearsCart" time="29.132"/>
  <testcase classname="com.swaglabs.test.EndToEndTest" name="purchaseSingleProduct" time="0.0">
    <ignored/>
  </testcase> <!-- purchaseSingleProduct -->
  <testcase classname="com.swaglabs.test.EndToEndTest" name="sortAndCheckoutWithPriceValidation" time="0.0">
    <ignored/>
  </testcase> <!-- sortAndCheckoutWithPriceValidation -->
  <testcase classname="com.swaglabs.test.EndToEndTest" name="purchaseMultipleProducts" time="0.0">
    <ignored/>
  </testcase> <!-- purchaseMultipleProducts -->
  <testcase classname="com.swaglabs.test.EndToEndTest" name="cartPersistenceAcrossLogoutAndLogin" time="0.0">
    <ignored/>
  </testcase> <!-- cartPersistenceAcrossLogoutAndLogin -->
</testsuite> <!-- Default test -->
