<?xml version="1.0" encoding="UTF-8"?>
<!-- Generated by org.testng.reporters.JUnitXMLReporter -->
<testsuite ignored="0" hostname="LAPTOP-JHASPJOK" failures="0" tests="5" name="Test1" time="94.183" errors="0" timestamp="2025-09-08T15:43:58 IST">
  <testcase classname="com.swaglabs.test.EndToEndTest" name="purchaseSingleProduct" time="13.541"/>
  <testcase classname="com.swaglabs.test.EndToEndTest" name="purchaseMultipleProducts" time="10.628"/>
  <testcase classname="com.swaglabs.test.EndToEndTest" name="sortAndCheckoutWithPriceValidation" time="13.413"/>
  <testcase classname="com.swaglabs.test.EndToEndTest" name="cartPersistenceAcrossLogoutAndLogin" time="7.723"/>
  <testcase classname="com.swaglabs.test.EndToEndTest" name="resetAppStateClearsCart" time="29.408"/>
</testsuite> <!-- Test1 -->
