<?xml version="1.0" encoding="UTF-8"?>
<!-- Generated by org.testng.reporters.JUnitXMLReporter -->
<testsuite ignored="0" hostname="LAPTOP-JHASPJOK" failures="0" tests="5" name="Test1" time="88.59" errors="0" timestamp="2025-09-07T22:50:42 IST">
  <testcase classname="com.swaglabs.test.EndToEndTest" name="purchaseSingleProduct" time="13.606"/>
  <testcase classname="com.swaglabs.test.EndToEndTest" name="purchaseMultipleProducts" time="10.198"/>
  <testcase classname="com.swaglabs.test.EndToEndTest" name="sortAndCheckoutWithPriceValidation" time="13.332"/>
  <testcase classname="com.swaglabs.test.EndToEndTest" name="cartPersistenceAcrossLogoutAndLogin" time="7.126"/>
  <testcase classname="com.swaglabs.test.EndToEndTest" name="resetAppStateClearsCart" time="28.919"/>
</testsuite> <!-- Test1 -->
