<?xml version="1.0" encoding="UTF-8"?>
<testng-results ignored="0" total="5" passed="5" failed="0" skipped="0">
  <reporter-output>
  </reporter-output>
  <suite started-at="2025-09-08T08:54:43 IST" name="Suite" finished-at="2025-09-08T08:56:17 IST" duration-ms="94417">
    <groups>
    </groups>
    <test started-at="2025-09-08T08:54:43 IST" name="Test1" finished-at="2025-09-08T08:56:17 IST" duration-ms="94417">
      <class name="com.swaglabs.test.EndToEndTest">
        <test-method is-config="true" signature="setupreport()[pri:0, instance:com.swaglabs.test.EndToEndTest@7dc0f706]" started-at="2025-09-08T08:54:43 IST" name="setupreport" finished-at="2025-09-08T08:54:43 IST" duration-ms="280" status="PASS">
          <reporter-output>
          </reporter-output>
        </test-method> <!-- setupreport -->
        <test-method is-config="true" signature="setup()[pri:0, instance:com.swaglabs.test.EndToEndTest@7dc0f706]" started-at="2025-09-08T08:54:44 IST" name="setup" finished-at="2025-09-08T08:54:51 IST" duration-ms="7087" status="PASS">
          <reporter-output>
          </reporter-output>
        </test-method> <!-- setup -->
        <test-method is-config="true" signature="init()[pri:0, instance:com.swaglabs.test.EndToEndTest@7dc0f706]" started-at="2025-09-08T08:54:51 IST" name="init" finished-at="2025-09-08T08:54:51 IST" duration-ms="13" status="PASS">
          <reporter-output>
          </reporter-output>
        </test-method> <!-- init -->
        <test-method signature="purchaseSingleProduct(java.lang.String,java.lang.String)[pri:1, instance:com.swaglabs.test.EndToEndTest@7dc0f706]" started-at="2025-09-08T08:54:51 IST" name="purchaseSingleProduct" data-provider="logindata" finished-at="2025-09-08T08:55:04 IST" duration-ms="13376" status="PASS">
          <params>
            <param index="0">
              <value>
                <![CDATA[standard_user]]>
              </value>
            </param>
            <param index="1">
              <value>
                <![CDATA[secret_sauce]]>
              </value>
            </param>
          </params>
          <reporter-output>
          </reporter-output>
        </test-method> <!-- purchaseSingleProduct -->
        <test-method is-config="true" signature="teardown()[pri:0, instance:com.swaglabs.test.EndToEndTest@7dc0f706]" started-at="2025-09-08T08:55:04 IST" name="teardown" finished-at="2025-09-08T08:55:05 IST" duration-ms="363" status="PASS">
          <reporter-output>
          </reporter-output>
        </test-method> <!-- teardown -->
        <test-method is-config="true" signature="setup()[pri:0, instance:com.swaglabs.test.EndToEndTest@7dc0f706]" started-at="2025-09-08T08:55:05 IST" name="setup" finished-at="2025-09-08T08:55:08 IST" duration-ms="2784" status="PASS">
          <reporter-output>
          </reporter-output>
        </test-method> <!-- setup -->
        <test-method is-config="true" signature="init()[pri:0, instance:com.swaglabs.test.EndToEndTest@7dc0f706]" started-at="2025-09-08T08:55:08 IST" name="init" finished-at="2025-09-08T08:55:08 IST" duration-ms="0" status="PASS">
          <reporter-output>
          </reporter-output>
        </test-method> <!-- init -->
        <test-method signature="purchaseMultipleProducts(java.lang.String,java.lang.String)[pri:2, instance:com.swaglabs.test.EndToEndTest@7dc0f706]" started-at="2025-09-08T08:55:08 IST" name="purchaseMultipleProducts" data-provider="logindata" finished-at="2025-09-08T08:55:18 IST" duration-ms="10567" status="PASS">
          <params>
            <param index="0">
              <value>
                <![CDATA[standard_user]]>
              </value>
            </param>
            <param index="1">
              <value>
                <![CDATA[secret_sauce]]>
              </value>
            </param>
          </params>
          <reporter-output>
          </reporter-output>
        </test-method> <!-- purchaseMultipleProducts -->
        <test-method is-config="true" signature="teardown()[pri:0, instance:com.swaglabs.test.EndToEndTest@7dc0f706]" started-at="2025-09-08T08:55:18 IST" name="teardown" finished-at="2025-09-08T08:55:19 IST" duration-ms="353" status="PASS">
          <reporter-output>
          </reporter-output>
        </test-method> <!-- teardown -->
        <test-method is-config="true" signature="setup()[pri:0, instance:com.swaglabs.test.EndToEndTest@7dc0f706]" started-at="2025-09-08T08:55:19 IST" name="setup" finished-at="2025-09-08T08:55:21 IST" duration-ms="2614" status="PASS">
          <reporter-output>
          </reporter-output>
        </test-method> <!-- setup -->
        <test-method is-config="true" signature="init()[pri:0, instance:com.swaglabs.test.EndToEndTest@7dc0f706]" started-at="2025-09-08T08:55:21 IST" name="init" finished-at="2025-09-08T08:55:21 IST" duration-ms="2" status="PASS">
          <reporter-output>
          </reporter-output>
        </test-method> <!-- init -->
        <test-method signature="sortAndCheckoutWithPriceValidation(java.lang.String,java.lang.String)[pri:3, instance:com.swaglabs.test.EndToEndTest@7dc0f706]" started-at="2025-09-08T08:55:21 IST" name="sortAndCheckoutWithPriceValidation" data-provider="logindata" finished-at="2025-09-08T08:55:35 IST" duration-ms="13472" status="PASS">
          <params>
            <param index="0">
              <value>
                <![CDATA[standard_user]]>
              </value>
            </param>
            <param index="1">
              <value>
                <![CDATA[secret_sauce]]>
              </value>
            </param>
          </params>
          <reporter-output>
          </reporter-output>
        </test-method> <!-- sortAndCheckoutWithPriceValidation -->
        <test-method is-config="true" signature="teardown()[pri:0, instance:com.swaglabs.test.EndToEndTest@7dc0f706]" started-at="2025-09-08T08:55:35 IST" name="teardown" finished-at="2025-09-08T08:55:35 IST" duration-ms="267" status="PASS">
          <reporter-output>
          </reporter-output>
        </test-method> <!-- teardown -->
        <test-method is-config="true" signature="setup()[pri:0, instance:com.swaglabs.test.EndToEndTest@7dc0f706]" started-at="2025-09-08T08:55:35 IST" name="setup" finished-at="2025-09-08T08:55:38 IST" duration-ms="2471" status="PASS">
          <reporter-output>
          </reporter-output>
        </test-method> <!-- setup -->
        <test-method is-config="true" signature="init()[pri:0, instance:com.swaglabs.test.EndToEndTest@7dc0f706]" started-at="2025-09-08T08:55:38 IST" name="init" finished-at="2025-09-08T08:55:38 IST" duration-ms="2" status="PASS">
          <reporter-output>
          </reporter-output>
        </test-method> <!-- init -->
        <test-method signature="cartPersistenceAcrossLogoutAndLogin(java.lang.String,java.lang.String)[pri:4, instance:com.swaglabs.test.EndToEndTest@7dc0f706]" started-at="2025-09-08T08:55:38 IST" name="cartPersistenceAcrossLogoutAndLogin" data-provider="logindata" finished-at="2025-09-08T08:55:45 IST" duration-ms="7959" status="PASS">
          <params>
            <param index="0">
              <value>
                <![CDATA[standard_user]]>
              </value>
            </param>
            <param index="1">
              <value>
                <![CDATA[secret_sauce]]>
              </value>
            </param>
          </params>
          <reporter-output>
          </reporter-output>
        </test-method> <!-- cartPersistenceAcrossLogoutAndLogin -->
        <test-method is-config="true" signature="teardown()[pri:0, instance:com.swaglabs.test.EndToEndTest@7dc0f706]" started-at="2025-09-08T08:55:45 IST" name="teardown" finished-at="2025-09-08T08:55:46 IST" duration-ms="264" status="PASS">
          <reporter-output>
          </reporter-output>
        </test-method> <!-- teardown -->
        <test-method is-config="true" signature="setup()[pri:0, instance:com.swaglabs.test.EndToEndTest@7dc0f706]" started-at="2025-09-08T08:55:46 IST" name="setup" finished-at="2025-09-08T08:55:48 IST" duration-ms="2571" status="PASS">
          <reporter-output>
          </reporter-output>
        </test-method> <!-- setup -->
        <test-method is-config="true" signature="init()[pri:0, instance:com.swaglabs.test.EndToEndTest@7dc0f706]" started-at="2025-09-08T08:55:48 IST" name="init" finished-at="2025-09-08T08:55:48 IST" duration-ms="1" status="PASS">
          <reporter-output>
          </reporter-output>
        </test-method> <!-- init -->
        <test-method signature="resetAppStateClearsCart(java.lang.String,java.lang.String)[pri:5, instance:com.swaglabs.test.EndToEndTest@7dc0f706]" started-at="2025-09-08T08:55:48 IST" name="resetAppStateClearsCart" data-provider="logindata" finished-at="2025-09-08T08:56:17 IST" duration-ms="28850" status="PASS">
          <params>
            <param index="0">
              <value>
                <![CDATA[standard_user]]>
              </value>
            </param>
            <param index="1">
              <value>
                <![CDATA[secret_sauce]]>
              </value>
            </param>
          </params>
          <reporter-output>
          </reporter-output>
        </test-method> <!-- resetAppStateClearsCart -->
        <test-method is-config="true" signature="teardown()[pri:0, instance:com.swaglabs.test.EndToEndTest@7dc0f706]" started-at="2025-09-08T08:56:17 IST" name="teardown" finished-at="2025-09-08T08:56:17 IST" duration-ms="263" status="PASS">
          <reporter-output>
          </reporter-output>
        </test-method> <!-- teardown -->
        <test-method is-config="true" signature="flushreport()[pri:0, instance:com.swaglabs.test.EndToEndTest@7dc0f706]" started-at="2025-09-08T08:56:18 IST" name="flushreport" finished-at="2025-09-08T08:56:18 IST" duration-ms="14" status="PASS">
          <reporter-output>
          </reporter-output>
        </test-method> <!-- flushreport -->
      </class> <!-- com.swaglabs.test.EndToEndTest -->
    </test> <!-- Test1 -->
  </suite> <!-- Suite -->
</testng-results>
