<?xml version="1.0" encoding="UTF-8"?>
<testng-results ignored="0" total="5" passed="5" failed="0" skipped="0">
  <reporter-output>
  </reporter-output>
  <suite started-at="2025-09-07T22:49:14 IST" name="Suite" finished-at="2025-09-07T22:50:42 IST" duration-ms="88590">
    <groups>
    </groups>
    <test started-at="2025-09-07T22:49:14 IST" name="Test1" finished-at="2025-09-07T22:50:42 IST" duration-ms="88590">
      <class name="com.swaglabs.test.EndToEndTest">
        <test-method is-config="true" signature="setupreport()[pri:0, instance:com.swaglabs.test.EndToEndTest@7dc0f706]" started-at="2025-09-07T22:49:13 IST" name="setupreport" finished-at="2025-09-07T22:49:14 IST" duration-ms="192" status="PASS">
          <reporter-output>
          </reporter-output>
        </test-method> <!-- setupreport -->
        <test-method is-config="true" signature="setup()[pri:0, instance:com.swaglabs.test.EndToEndTest@7dc0f706]" started-at="2025-09-07T22:49:14 IST" name="setup" finished-at="2025-09-07T22:49:19 IST" duration-ms="4552" status="PASS">
          <reporter-output>
          </reporter-output>
        </test-method> <!-- setup -->
        <test-method is-config="true" signature="init()[pri:0, instance:com.swaglabs.test.EndToEndTest@7dc0f706]" started-at="2025-09-07T22:49:19 IST" name="init" finished-at="2025-09-07T22:49:19 IST" duration-ms="10" status="PASS">
          <reporter-output>
          </reporter-output>
        </test-method> <!-- init -->
        <test-method signature="purchaseSingleProduct(java.lang.String,java.lang.String)[pri:1, instance:com.swaglabs.test.EndToEndTest@7dc0f706]" started-at="2025-09-07T22:49:19 IST" name="purchaseSingleProduct" data-provider="logindata" finished-at="2025-09-07T22:49:32 IST" duration-ms="13606" status="PASS">
          <params>
            <param index="0">
              <value>
                <![CDATA[standard_user]]>
              </value>
            </param>
            <param index="1">
              <value>
                <![CDATA[secret_sauce]]>
              </value>
            </param>
          </params>
          <reporter-output>
          </reporter-output>
        </test-method> <!-- purchaseSingleProduct -->
        <test-method is-config="true" signature="teardown()[pri:0, instance:com.swaglabs.test.EndToEndTest@7dc0f706]" started-at="2025-09-07T22:49:32 IST" name="teardown" finished-at="2025-09-07T22:49:33 IST" duration-ms="383" status="PASS">
          <reporter-output>
          </reporter-output>
        </test-method> <!-- teardown -->
        <test-method is-config="true" signature="setup()[pri:0, instance:com.swaglabs.test.EndToEndTest@7dc0f706]" started-at="2025-09-07T22:49:33 IST" name="setup" finished-at="2025-09-07T22:49:35 IST" duration-ms="2181" status="PASS">
          <reporter-output>
          </reporter-output>
        </test-method> <!-- setup -->
        <test-method is-config="true" signature="init()[pri:0, instance:com.swaglabs.test.EndToEndTest@7dc0f706]" started-at="2025-09-07T22:49:35 IST" name="init" finished-at="2025-09-07T22:49:35 IST" duration-ms="2" status="PASS">
          <reporter-output>
          </reporter-output>
        </test-method> <!-- init -->
        <test-method signature="purchaseMultipleProducts(java.lang.String,java.lang.String)[pri:2, instance:com.swaglabs.test.EndToEndTest@7dc0f706]" started-at="2025-09-07T22:49:35 IST" name="purchaseMultipleProducts" data-provider="logindata" finished-at="2025-09-07T22:49:45 IST" duration-ms="10198" status="PASS">
          <params>
            <param index="0">
              <value>
                <![CDATA[standard_user]]>
              </value>
            </param>
            <param index="1">
              <value>
                <![CDATA[secret_sauce]]>
              </value>
            </param>
          </params>
          <reporter-output>
          </reporter-output>
        </test-method> <!-- purchaseMultipleProducts -->
        <test-method is-config="true" signature="teardown()[pri:0, instance:com.swaglabs.test.EndToEndTest@7dc0f706]" started-at="2025-09-07T22:49:45 IST" name="teardown" finished-at="2025-09-07T22:49:45 IST" duration-ms="292" status="PASS">
          <reporter-output>
          </reporter-output>
        </test-method> <!-- teardown -->
        <test-method is-config="true" signature="setup()[pri:0, instance:com.swaglabs.test.EndToEndTest@7dc0f706]" started-at="2025-09-07T22:49:46 IST" name="setup" finished-at="2025-09-07T22:49:48 IST" duration-ms="2037" status="PASS">
          <reporter-output>
          </reporter-output>
        </test-method> <!-- setup -->
        <test-method is-config="true" signature="init()[pri:0, instance:com.swaglabs.test.EndToEndTest@7dc0f706]" started-at="2025-09-07T22:49:48 IST" name="init" finished-at="2025-09-07T22:49:48 IST" duration-ms="2" status="PASS">
          <reporter-output>
          </reporter-output>
        </test-method> <!-- init -->
        <test-method signature="sortAndCheckoutWithPriceValidation(java.lang.String,java.lang.String)[pri:3, instance:com.swaglabs.test.EndToEndTest@7dc0f706]" started-at="2025-09-07T22:49:48 IST" name="sortAndCheckoutWithPriceValidation" data-provider="logindata" finished-at="2025-09-07T22:50:01 IST" duration-ms="13332" status="PASS">
          <params>
            <param index="0">
              <value>
                <![CDATA[standard_user]]>
              </value>
            </param>
            <param index="1">
              <value>
                <![CDATA[secret_sauce]]>
              </value>
            </param>
          </params>
          <reporter-output>
          </reporter-output>
        </test-method> <!-- sortAndCheckoutWithPriceValidation -->
        <test-method is-config="true" signature="teardown()[pri:0, instance:com.swaglabs.test.EndToEndTest@7dc0f706]" started-at="2025-09-07T22:50:01 IST" name="teardown" finished-at="2025-09-07T22:50:01 IST" duration-ms="285" status="PASS">
          <reporter-output>
          </reporter-output>
        </test-method> <!-- teardown -->
        <test-method is-config="true" signature="setup()[pri:0, instance:com.swaglabs.test.EndToEndTest@7dc0f706]" started-at="2025-09-07T22:50:01 IST" name="setup" finished-at="2025-09-07T22:50:03 IST" duration-ms="1933" status="PASS">
          <reporter-output>
          </reporter-output>
        </test-method> <!-- setup -->
        <test-method is-config="true" signature="init()[pri:0, instance:com.swaglabs.test.EndToEndTest@7dc0f706]" started-at="2025-09-07T22:50:03 IST" name="init" finished-at="2025-09-07T22:50:03 IST" duration-ms="1" status="PASS">
          <reporter-output>
          </reporter-output>
        </test-method> <!-- init -->
        <test-method signature="cartPersistenceAcrossLogoutAndLogin(java.lang.String,java.lang.String)[pri:4, instance:com.swaglabs.test.EndToEndTest@7dc0f706]" started-at="2025-09-07T22:50:03 IST" name="cartPersistenceAcrossLogoutAndLogin" data-provider="logindata" finished-at="2025-09-07T22:50:10 IST" duration-ms="7126" status="PASS">
          <params>
            <param index="0">
              <value>
                <![CDATA[standard_user]]>
              </value>
            </param>
            <param index="1">
              <value>
                <![CDATA[secret_sauce]]>
              </value>
            </param>
          </params>
          <reporter-output>
          </reporter-output>
        </test-method> <!-- cartPersistenceAcrossLogoutAndLogin -->
        <test-method is-config="true" signature="teardown()[pri:0, instance:com.swaglabs.test.EndToEndTest@7dc0f706]" started-at="2025-09-07T22:50:10 IST" name="teardown" finished-at="2025-09-07T22:50:11 IST" duration-ms="298" status="PASS">
          <reporter-output>
          </reporter-output>
        </test-method> <!-- teardown -->
        <test-method is-config="true" signature="setup()[pri:0, instance:com.swaglabs.test.EndToEndTest@7dc0f706]" started-at="2025-09-07T22:50:11 IST" name="setup" finished-at="2025-09-07T22:50:13 IST" duration-ms="2161" status="PASS">
          <reporter-output>
          </reporter-output>
        </test-method> <!-- setup -->
        <test-method signature="resetAppStateClearsCart(java.lang.String,java.lang.String)[pri:5, instance:com.swaglabs.test.EndToEndTest@7dc0f706]" started-at="2025-09-07T22:50:13 IST" name="resetAppStateClearsCart" data-provider="logindata" finished-at="2025-09-07T22:50:42 IST" duration-ms="28919" status="PASS">
          <params>
            <param index="0">
              <value>
                <![CDATA[standard_user]]>
              </value>
            </param>
            <param index="1">
              <value>
                <![CDATA[secret_sauce]]>
              </value>
            </param>
          </params>
          <reporter-output>
          </reporter-output>
        </test-method> <!-- resetAppStateClearsCart -->
        <test-method is-config="true" signature="init()[pri:0, instance:com.swaglabs.test.EndToEndTest@7dc0f706]" started-at="2025-09-07T22:50:13 IST" name="init" finished-at="2025-09-07T22:50:13 IST" duration-ms="0" status="PASS">
          <reporter-output>
          </reporter-output>
        </test-method> <!-- init -->
        <test-method is-config="true" signature="teardown()[pri:0, instance:com.swaglabs.test.EndToEndTest@7dc0f706]" started-at="2025-09-07T22:50:42 IST" name="teardown" finished-at="2025-09-07T22:50:42 IST" duration-ms="396" status="PASS">
          <reporter-output>
          </reporter-output>
        </test-method> <!-- teardown -->
        <test-method is-config="true" signature="flushreport()[pri:0, instance:com.swaglabs.test.EndToEndTest@7dc0f706]" started-at="2025-09-07T22:50:43 IST" name="flushreport" finished-at="2025-09-07T22:50:43 IST" duration-ms="25" status="PASS">
          <reporter-output>
          </reporter-output>
        </test-method> <!-- flushreport -->
      </class> <!-- com.swaglabs.test.EndToEndTest -->
    </test> <!-- Test1 -->
  </suite> <!-- Suite -->
</testng-results>
